[2026-04-13 12:14:16,159] root - INFO - Iniciando el Train Pipeline (Modelo Detector de Bots)
[2026-04-13 12:14:16,159] root - INFO - Iniciando el proceso de ingesta de datos
[2026-04-13 12:14:16,437] root - INFO - Dataset cargados y leídos con exito
[2026-04-13 12:14:16,437] root - INFO - Iniciado el cruce de IP (merge asoft)
[2026-04-13 12:14:16,491] root - INFO - Cruce completado y nulos imputados
[2026-04-13 12:14:17,753] root - INFO - Iniciando el split específico para el Detector de Bots
[2026-04-13 12:14:18,855] root - INFO - Data Ingestion completada con éxito
[2026-04-13 12:14:19,198] root - INFO - Lectura de train, test bots y test normal completada
[2026-04-13 12:14:19,198] root - INFO - Obteniendo objeto de preprocesamiento
[2026-04-13 12:14:19,198] root - INFO - Iniciando construcción del Data Transformer Object
[2026-04-13 12:14:19,198] root - INFO - Pipeline de transformación de datos construido exitosamente
[2026-04-13 12:14:19,207] root - INFO - Aplicando el objeto de preprocesamiento en train y tests
[2026-04-13 12:14:19,299] root - INFO - Calculando mapeos históricos desde datos de entrenamiento
[2026-04-13 12:14:20,188] root - INFO - Guardando el objeto de preprocesamiento.
[2026-04-13 12:14:20,239] root - INFO - Dividiendo los datos de entrenamiento y prueba (features y target)
[2026-04-13 12:14:20,241] root - INFO - Configurando el modelo LGBMClassifier con scale_pos_weight: 7.82
[2026-04-13 12:14:20,241] root - INFO - Entrenando el modelo LGBMClassifier...
[2026-04-13 12:14:20,936] root - INFO - Guardando el modelo entrenado en la carpeta artifacts...
[2026-04-13 12:14:20,954] root - INFO - Evaluando el modelo en el conjunto de prueba BOTS (Enero Holdout)...
[2026-04-13 12:14:20,969] root - INFO - Rendimiento en Test BOTS - AUC-ROC: 0.5094
[2026-04-13 12:14:20,969] root - INFO - Rendimiento en Test BOTS - AUC-PR: 0.0580
[2026-04-13 12:14:20,969] root - INFO - Evaluando el modelo en el conjunto de prueba NORMAL (Resto de meses)...
[2026-04-13 12:14:21,092] root - INFO - Rendimiento en Test NORMAL - AUC-ROC: 0.5011
[2026-04-13 12:14:21,092] root - INFO - Rendimiento en Test NORMAL - AUC-PR: 0.0483
[2026-04-13 12:14:21,093] root - INFO - Pipeline completado. Métricas: {'bots_roc_auc': 0.5094052219427917, 'bots_pr_auc': 0.05798897386305969, 'norm_roc_auc': 0.5011174037274735, 'norm_pr_auc': 0.04830970140917995}
